\BOOKMARK [0][-]{chapter.1}{\376\377\000=\000P\000r\000o\000j\000e\000c\000t\000\040\000D\000e\000s\000c\000r\000i\000p\000t\000i\000o\000n\000\040\000a\000n\000d\000\040\000M\000o\000t\000i\000v\000a\000t\000i\000o\000n}{}% 1
\BOOKMARK [0][-]{chapter.2}{\376\377\000=\000P\000r\000o\000j\000e\000c\000t\000\040\000R\000e\000q\000u\000i\000r\000e\000m\000e\000n\000t\000s}{}% 2
\BOOKMARK [0][-]{chapter.3}{\376\377\000=\000G\000a\000n\000t\000t\000\040\000c\000h\000a\000r\000t}{}% 3
\BOOKMARK [0][-]{chapter.4}{\376\377\000=\000S\000o\000f\000t\000w\000a\000r\000e\000\040\000D\000e\000s\000c\000r\000i\000p\000t\000i\000o\000n}{}% 4
\BOOKMARK [1][-]{section.4.1}{\376\377\000G\000U\000I}{chapter.4}% 5
\BOOKMARK [1][-]{section.4.2}{\376\377\000U\000s\000e\000r\000\040\000R\000e\000g\000i\000s\000t\000r\000a\000t\000i\000o\000n}{chapter.4}% 6
\BOOKMARK [2][-]{subsection.4.2.1}{\376\377\000L\000o\000g\000i\000n\000\040\000P\000a\000g\000e}{section.4.2}% 7
\BOOKMARK [2][-]{subsection.4.2.2}{\376\377\000S\000i\000g\000n\000\040\000U\000p\000\040\000P\000a\000g\000e}{section.4.2}% 8
\BOOKMARK [1][-]{section.4.3}{\376\377\000E\000v\000e\000n\000t\000\040\000P\000a\000g\000e}{chapter.4}% 9
\BOOKMARK [2][-]{subsection.4.3.1}{\376\377\000C\000a\000l\000e\000n\000d\000a\000r\000\040\000V\000i\000e\000w}{section.4.3}% 10
\BOOKMARK [2][-]{subsection.4.3.2}{\376\377\000S\000i\000d\000e\000\040\000B\000a\000r}{section.4.3}% 11
\BOOKMARK [2][-]{subsection.4.3.3}{\376\377\000A\000d\000d\000i\000n\000g\000\040\000E\000v\000e\000n\000t\000s}{section.4.3}% 12
\BOOKMARK [2][-]{subsection.4.3.4}{\376\377\000S\000h\000o\000w\000\040\000E\000v\000e\000n\000t\000s}{section.4.3}% 13
\BOOKMARK [2][-]{subsection.4.3.5}{\376\377\000E\000d\000i\000t\000\040\000E\000v\000e\000n\000t\000s}{section.4.3}% 14
\BOOKMARK [1][-]{section.4.4}{\376\377\000D\000a\000t\000a\000b\000a\000s\000e}{chapter.4}% 15
\BOOKMARK [2][-]{subsection.4.4.1}{\376\377\000R\000e\000m\000o\000t\000e}{section.4.4}% 16
\BOOKMARK [2][-]{subsection.4.4.2}{\376\377\000L\000o\000c\000a\000l}{section.4.4}% 17
\BOOKMARK [1][-]{section.4.5}{\376\377\000S\000e\000c\000u\000r\000i\000t\000y}{chapter.4}% 18
\BOOKMARK [2][-]{subsection.4.5.1}{\376\377\000P\000a\000s\000s\000w\000o\000r\000d\000\040\000E\000n\000c\000r\000y\000p\000t\000i\000o\000n}{section.4.5}% 19
\BOOKMARK [1][-]{section.4.6}{\376\377\000A\000d\000m\000i\000n\000\040\000P\000a\000g\000e}{chapter.4}% 20
\BOOKMARK [2][-]{subsection.4.6.1}{\376\377\000E\000d\000i\000t}{section.4.6}% 21
\BOOKMARK [2][-]{subsection.4.6.2}{\376\377\000D\000e\000l\000e\000t\000e}{section.4.6}% 22
\BOOKMARK [1][-]{section.4.7}{\376\377\000E\000m\000a\000i\000l\000\040\000F\000u\000n\000c\000t\000i\000o\000n}{chapter.4}% 23
\BOOKMARK [1][-]{section.4.8}{\376\377\000M\000e\000n\000u\000\040\000B\000a\000r}{chapter.4}% 24
\BOOKMARK [2][-]{subsection.4.8.1}{\376\377\000P\000r\000o\000f\000i\000l\000e}{section.4.8}% 25
\BOOKMARK [2][-]{subsection.4.8.2}{\376\377\000S\000e\000t\000t\000i\000n\000g\000s}{section.4.8}% 26
\BOOKMARK [2][-]{subsection.4.8.3}{\376\377\000C\000o\000n\000t\000a\000c\000t\000s}{section.4.8}% 27
\BOOKMARK [2][-]{subsection.4.8.4}{\376\377\000D\000a\000t\000a\000b\000a\000s\000e}{section.4.8}% 28
\BOOKMARK [0][-]{chapter.5}{\376\377\000=\000D\000i\000a\000g\000r\000a\000m\000s}{}% 29
\BOOKMARK [1][-]{section.5.1}{\376\377\000C\000l\000a\000s\000s\000\040\000d\000i\000a\000g\000r\000a\000m}{chapter.5}% 30
\BOOKMARK [0][-]{chapter.6}{\376\377\000=\000C\000h\000a\000l\000l\000e\000n\000g\000e\000s\000\040\000a\000n\000d\000\040\000S\000o\000l\000u\000t\000i\000o\000n\000s}{}% 31
\BOOKMARK [1][-]{section.6.1}{\376\377\000A\000p\000p\000l\000i\000c\000a\000t\000i\000o\000n\000\040\000a\000v\000a\000i\000l\000a\000b\000i\000l\000i\000t\000y}{chapter.6}% 32
\BOOKMARK [2][-]{subsection.6.1.1}{\376\377\000C\000h\000a\000l\000l\000e\000n\000g\000e}{section.6.1}% 33
\BOOKMARK [2][-]{subsection.6.1.2}{\376\377\000S\000o\000l\000u\000t\000i\000o\000n}{section.6.1}% 34
\BOOKMARK [1][-]{section.6.2}{\376\377\000R\000e\000s\000p\000o\000n\000s\000i\000v\000e\000n\000e\000s\000s\000\040\000a\000n\000d\000\040\000c\000o\000n\000n\000e\000c\000t\000i\000v\000i\000t\000y\000\040\000r\000o\000b\000u\000s\000t\000n\000e\000s\000s}{chapter.6}% 35
\BOOKMARK [2][-]{subsection.6.2.1}{\376\377\000C\000h\000a\000l\000l\000e\000n\000g\000e}{section.6.2}% 36
\BOOKMARK [2][-]{subsection.6.2.2}{\376\377\000S\000o\000l\000u\000t\000i\000o\000n}{section.6.2}% 37
\BOOKMARK [1][-]{section.6.3}{\376\377\000R\000e\000p\000e\000t\000i\000t\000i\000v\000e\000\040\000t\000y\000p\000i\000n\000g\000\040\000o\000f\000\040\000t\000h\000e\000\040\000p\000a\000r\000t\000i\000c\000i\000p\000a\000n\000t\000s\000'\000\040\000e\000m\000a\000i\000l\000s}{chapter.6}% 38
\BOOKMARK [2][-]{subsection.6.3.1}{\376\377\000C\000h\000a\000l\000l\000e\000n\000g\000e}{section.6.3}% 39
\BOOKMARK [2][-]{subsection.6.3.2}{\376\377\000S\000o\000l\000u\000t\000i\000o\000n}{section.6.3}% 40
\BOOKMARK [1][-]{section.6.4}{\376\377\000O\000f\000f\000l\000i\000n\000e\000\040\000m\000o\000d\000e}{chapter.6}% 41
\BOOKMARK [2][-]{subsection.6.4.1}{\376\377\000C\000h\000a\000l\000l\000e\000n\000g\000e}{section.6.4}% 42
\BOOKMARK [2][-]{subsection.6.4.2}{\376\377\000S\000o\000l\000u\000t\000i\000o\000n}{section.6.4}% 43
\BOOKMARK [1][-]{section.6.5}{\376\377\000C\000a\000l\000e\000n\000d\000a\000r\000\040\000V\000i\000e\000w}{chapter.6}% 44
\BOOKMARK [2][-]{subsection.6.5.1}{\376\377\000C\000h\000a\000l\000l\000e\000n\000g\000e}{section.6.5}% 45
\BOOKMARK [2][-]{subsection.6.5.2}{\376\377\000S\000o\000l\000u\000t\000i\000o\000n}{section.6.5}% 46
\BOOKMARK [1][-]{section.6.6}{\376\377\000M\000e\000n\000u\000\040\000a\000n\000d\000\040\000S\000i\000d\000e\000\040\000B\000a\000r}{chapter.6}% 47
\BOOKMARK [2][-]{subsection.6.6.1}{\376\377\000C\000h\000a\000l\000l\000e\000n\000g\000e}{section.6.6}% 48
\BOOKMARK [2][-]{subsection.6.6.2}{\376\377\000S\000o\000l\000u\000t\000i\000o\000n}{section.6.6}% 49
\BOOKMARK [1][-]{section.6.7}{\376\377\000I\000c\000o\000n\000s}{chapter.6}% 50
\BOOKMARK [2][-]{subsection.6.7.1}{\376\377\000C\000h\000a\000l\000l\000e\000n\000g\000e}{section.6.7}% 51
\BOOKMARK [1][-]{section.6.8}{\376\377\000I\000n\000v\000i\000s\000i\000b\000l\000e\000\040\000d\000a\000t\000a\000b\000a\000s\000e\000\040\000i\000n\000\040\000J\000T\000a\000b\000l\000e}{chapter.6}% 52
\BOOKMARK [2][-]{subsection.6.8.1}{\376\377\000C\000h\000a\000l\000l\000e\000n\000g\000e}{section.6.8}% 53
\BOOKMARK [2][-]{subsection.6.8.2}{\376\377\000S\000o\000l\000u\000t\000i\000o\000n}{section.6.8}% 54
\BOOKMARK [1][-]{section.6.9}{\376\377\000D\000a\000t\000a\000b\000a\000s\000e\000\040\000n\000o\000t\000\040\000u\000p\000d\000a\000t\000i\000n\000g\000\040\000c\000h\000a\000n\000g\000e\000s}{chapter.6}% 55
\BOOKMARK [2][-]{subsection.6.9.1}{\376\377\000C\000h\000a\000l\000l\000e\000n\000g\000e}{section.6.9}% 56
\BOOKMARK [2][-]{subsection.6.9.2}{\376\377\000S\000o\000l\000u\000t\000i\000o\000n}{section.6.9}% 57
\BOOKMARK [1][-]{section.6.10}{\376\377\000E\000m\000a\000i\000l\000s\000\040\000n\000o\000t\000\040\000b\000e\000i\000n\000g\000\040\000r\000e\000c\000e\000i\000v\000e\000d\000\040\000a\000n\000d\000\040\000a\000c\000c\000o\000u\000n\000t\000s\000\040\000g\000e\000t\000t\000i\000n\000g\000\040\000b\000a\000n\000n\000e\000d}{chapter.6}% 58
\BOOKMARK [2][-]{subsection.6.10.1}{\376\377\000C\000h\000a\000l\000l\000e\000n\000g\000e}{section.6.10}% 59
\BOOKMARK [2][-]{subsection.6.10.2}{\376\377\000S\000o\000l\000u\000t\000i\000o\000n}{section.6.10}% 60
\BOOKMARK [0][-]{chapter.7}{\376\377\000=\000C\000o\000n\000c\000l\000u\000s\000i\000o\000n}{}% 61
\BOOKMARK [0][-]{chapter.8}{\376\377\000=\000S\000o\000u\000r\000c\000e\000s}{}% 62
\BOOKMARK [1][-]{section.8.1}{\376\377\000A\000n\000t\000e\000\040\000M\000a\000r\000i\000c\000\040\000-\000\040\000M\000a\000t\000r\000i\000c\000u\000l\000a\000t\000i\000o\000n\000\040\000n\000u\000m\000b\000e\000r\000:\000\040\0001\0002\0007\0003\0009\0000\0004}{chapter.8}% 63
\BOOKMARK [2][-]{subsection.8.1.1}{\376\377\000E\000m\000a\000i\000l\000\040\000A\000P\000I}{section.8.1}% 64
\BOOKMARK [2][-]{subsection.8.1.2}{\376\377\000R\000e\000m\000i\000n\000d\000e\000r\000\040\000f\000u\000n\000c\000t\000i\000o\000n\000a\000l\000i\000t\000y}{section.8.1}% 65
\BOOKMARK [1][-]{section.8.2}{\376\377\000H\000u\000y\000n\000h\000\040\000M\000i\000n\000h\000\040\000T\000r\000i\000e\000t\000\040\000-\000\040\000M\000a\000t\000r\000i\000c\000u\000l\000a\000t\000i\000o\000n\000\040\000n\000u\000m\000b\000e\000r\000:\000\040\0001\0003\0007\0000\0006\0009\0000}{chapter.8}% 66
\BOOKMARK [2][-]{subsection.8.2.1}{\376\377\000J\000f\000i\000l\000e\000c\000h\000o\000o\000s\000e\000r\000\040\000f\000i\000l\000e\000\040\000t\000y\000p\000e\000\040\000f\000i\000l\000t\000e\000r}{section.8.2}% 67
\BOOKMARK [1][-]{section.8.3}{\376\377\000J\000o\000r\000g\000e\000\040\000V\000a\000n\000e\000g\000a\000s\000\040\000A\000.\000\040\000-\000\040\000M\000a\000t\000r\000i\000c\000u\000l\000a\000t\000i\000o\000n\000\040\000n\000u\000m\000b\000e\000r\000:\000\040\0001\0003\0003\0003\0004\0005\0009}{chapter.8}% 68
\BOOKMARK [2][-]{subsection.8.3.1}{\376\377\000M\000e\000n\000u\000\040\000B\000a\000r}{section.8.3}% 69
